<?xml version="1.0" encoding="UTF-8"?>
<!-- Generated by org.testng.reporters.JUnitReportReporter -->
<testsuite hostname="Shreyal" failures="0" tests="2" name="day43.AnnotationsDemo1" time="0.022" errors="0" timestamp="2024-07-13T11:56:13 IST" skipped="0">
  <testcase classname="day43.AnnotationsDemo1" name="search" time="0.009"/>
  <system-out/>
  <testcase classname="day43.AnnotationsDemo1" name="advancedSearch" time="0.013"/>
  <system-out/>
</testsuite> <!-- day43.AnnotationsDemo1 -->
