<?xml version="1.0" encoding="UTF-8"?>
<!-- Generated by org.testng.reporters.JUnitReportReporter -->
<testsuite hostname="Shreyal" failures="0" tests="2" name="day44.PaymentTests" time="0.005" errors="0" timestamp="2024-07-14T17:18:24 IST" skipped="0">
  <testcase classname="day44.PaymentTests" name="paymentInRupees" time="0.003"/>
  <system-out/>
  <testcase classname="day44.PaymentTests" name="paymentInDollars" time="0.002"/>
  <system-out/>
</testsuite> <!-- day44.PaymentTests -->
