<?xml version="1.0" encoding="UTF-8"?>
<!-- Generated by org.testng.reporters.JUnitReportReporter -->
<testsuite hostname="Shreyal" failures="0" tests="3" name="day44.LoginTests" time="0.016" errors="0" timestamp="2024-07-14T17:20:19 IST" skipped="0">
  <testcase classname="day44.LoginTests" name="loginByEmail" time="0.010"/>
  <system-out/>
  <testcase classname="day44.LoginTests" name="loginByFacebook" time="0.002"/>
  <system-out/>
  <testcase classname="day44.LoginTests" name="loginByTwitter" time="0.004"/>
  <system-out/>
</testsuite> <!-- day44.LoginTests -->
