<?xml version="1.0" encoding="UTF-8"?>
<!-- Generated by org.testng.reporters.JUnitReportReporter -->
<testsuite hostname="Shreyal" failures="0" tests="4" name="day42.OrangeHRMTest" time="70.442" errors="0" timestamp="2024-07-07T20:15:21 IST" skipped="0">
  <testcase classname="day42.OrangeHRMTest" name="openApp" time="45.674"/>
  <system-out/>
  <testcase classname="day42.OrangeHRMTest" name="testLogo" time="3.548"/>
  <system-out/>
  <testcase classname="day42.OrangeHRMTest" name="testLogin" time="16.092"/>
  <system-out/>
  <testcase classname="day42.OrangeHRMTest" name="testLogout" time="5.128"/>
  <system-out/>
</testsuite> <!-- day42.OrangeHRMTest -->
