<?xml version="1.0" encoding="UTF-8"?>
<!-- Generated by org.testng.reporters.JUnitReportReporter -->
<testsuite hostname="Shreyal" failures="0" tests="3" name="day44.SignupTests" time="0.019" errors="0" timestamp="2024-07-14T17:21:20 IST" skipped="0">
  <testcase classname="day44.SignupTests" name="loginByEmail" time="0.015"/>
  <system-out/>
  <testcase classname="day44.SignupTests" name="loginByFacebook" time="0.001"/>
  <system-out/>
  <testcase classname="day44.SignupTests" name="loginByTwitter" time="0.003"/>
  <system-out/>
</testsuite> <!-- day44.SignupTests -->
