<?xml version="1.0" encoding="UTF-8"?>
<!-- Generated by org.testng.reporters.JUnitReportReporter -->
<testsuite hostname="Shreyal" failures="0" tests="2" name="day43.AnnotationsDemo2" time="0.008" errors="0" timestamp="2024-07-13T14:08:15 IST" skipped="0">
  <testcase classname="day43.AnnotationsDemo2" name="search" time="0.006"/>
  <system-out/>
  <testcase classname="day43.AnnotationsDemo2" name="advancedSearch" time="0.002"/>
  <system-out/>
</testsuite> <!-- day43.AnnotationsDemo2 -->
