<?xml version="1.0" encoding="UTF-8"?>
<!-- Generated by org.testng.reporters.JUnitReportReporter -->
<testsuite hostname="Shreyal" failures="0" tests="3" name="day42.FirstTestCase" time="0.015" errors="0" timestamp="2024-07-07T19:40:27 IST" skipped="0">
  <testcase classname="day42.FirstTestCase" name="openApp" time="0.011"/>
  <system-out/>
  <testcase classname="day42.FirstTestCase" name="login" time="0.002"/>
  <system-out/>
  <testcase classname="day42.FirstTestCase" name="logout" time="0.002"/>
  <system-out/>
</testsuite> <!-- day42.FirstTestCase -->
