<?xml version="1.0" encoding="UTF-8"?>
<!-- Generated by org.testng.reporters.JUnitReportReporter -->
<testsuite hostname="Shreyal" failures="0" tests="2" name="day43.AllAnnotations" time="0.009" errors="0" timestamp="2024-07-13T15:54:24 IST" skipped="0">
  <testcase classname="day43.AllAnnotations" name="tm1" time="0.007"/>
  <system-out/>
  <testcase classname="day43.AllAnnotations" name="tm2" time="0.002"/>
  <system-out/>
</testsuite> <!-- day43.AllAnnotations -->
