<?xml version="1.0" encoding="UTF-8"?>
<!-- Generated by org.testng.reporters.JUnitReportReporter -->
<testsuite hostname="Shreyal" failures="0" tests="1" name="day47.LoginTest" time="0.882" errors="0" timestamp="2024-09-08T14:46:56 IST" skipped="0">
  <testcase classname="day47.LoginTest" name="testLogin" time="0.882"/>
  <system-out/>
</testsuite> <!-- day47.LoginTest -->
