<?xml version="1.0" encoding="UTF-8"?>
<!-- Generated by org.testng.reporters.JUnitReportReporter -->
<testsuite hostname="Shreyal" failures="0" tests="1" name="day47.LoginTest" time="1.142" errors="0" timestamp="2024-09-14T18:54:06 IST" skipped="0">
  <testcase classname="day47.LoginTest" name="testLogin" time="1.142"/>
  <system-out/>
</testsuite> <!-- day47.LoginTest -->
